[debug] [2018-03-02T12:03:00.191Z] ----------------------------------------------------------------------
[debug] [2018-03-02T12:03:00.193Z] Command:       /usr/bin/node /usr/bin/firebase serve
[debug] [2018-03-02T12:03:00.194Z] CLI Version:   3.17.4
[debug] [2018-03-02T12:03:00.194Z] Platform:      linux
[debug] [2018-03-02T12:03:00.194Z] Node Version:  v8.9.4
[debug] [2018-03-02T12:03:00.194Z] Time:          Fri Mar 02 2018 13:03:00 GMT+0100 (CET)
[debug] [2018-03-02T12:03:00.194Z] ----------------------------------------------------------------------
[debug] 
[debug] [2018-03-02T12:03:00.204Z] > command requires scopes: ["email","openid","https://www.googleapis.com/auth/cloudplatformprojects.readonly","https://www.googleapis.com/auth/firebase","https://www.googleapis.com/auth/cloud-platform"]
[debug] [2018-03-02T12:03:00.204Z] > authorizing via signed-in user
[debug] [2018-03-02T12:03:00.206Z] >>> HTTP REQUEST GET https://admin.firebase.com/v1/projects/pwa-learning-8da5e  
  
 Fri Mar 02 2018 13:03:00 GMT+0100 (CET)
[debug] [2018-03-02T12:03:00.950Z] <<< HTTP RESPONSE 200
[debug] [2018-03-02T12:03:00.954Z] >>> HTTP REQUEST GET https://admin.firebase.com/v1/database/pwa-learning-8da5e/tokens  
  
 Fri Mar 02 2018 13:03:00 GMT+0100 (CET)
[debug] [2018-03-02T12:03:02.463Z] <<< HTTP RESPONSE 200
[info] 
[info] === Serving from '/home/usuario/git/myapp'...
[info] 
[debug] [2018-03-02T12:03:02.466Z] >>> HTTP REQUEST GET https://cloudresourcemanager.googleapis.com/v1/projects/pwa-learning-8da5e  
  
 Fri Mar 02 2018 13:03:02 GMT+0100 (CET)
[debug] [2018-03-02T12:03:03.365Z] <<< HTTP RESPONSE 200
[debug] [2018-03-02T12:03:03.366Z] >>> HTTP REQUEST GET https://mobilesdk-pa.googleapis.com/v1/projects/377296301602/clients/_:getWebAppConfig  
  
 Fri Mar 02 2018 13:03:03 GMT+0100 (CET)
[debug] [2018-03-02T12:03:03.926Z] <<< HTTP RESPONSE 200
[info] i  hosting: Serving hosting files from: public
[info] ✔  hosting: Local server: http://localhost:5000

